<?xml version="1.0" encoding="UTF-8"?>
<!-- Generated by org.testng.reporters.JUnitXMLReporter -->
<testsuite ignored="2" hostname="LAPTOP-KMP5RC6K" failures="0" tests="6" name="Test" time="0.098" errors="0" timestamp="2025-02-26T23:54:27 IST">
  <testcase classname="Mpractice.TestNg" name="createContact" time="0.011"/>
  <testcase classname="Mpractice.TestNg" name="modifyContact" time="0.001"/>
  <testcase classname="Mpractice.TestNgEx1" name="modifyContact" time="0.002"/>
  <testcase classname="Mpractice.TestNgEx1" name="modifyContact" time="0.002"/>
  <testcase classname="Mpractice.TestNgEx1" name="modifyContact" time="0.003"/>
  <testcase classname="Mpractice.TestNgEx1" name="createContact" time="0.001"/>
  <testcase classname="Mpractice.TestNg" name="deleteContact" time="0.0">
    <ignored/>
  </testcase> <!-- deleteContact -->
  <testcase classname="Mpractice.TestNgEx1" name="deleteContact" time="0.0">
    <ignored/>
  </testcase> <!-- deleteContact -->
</testsuite> <!-- Test -->
