<?xml version="1.0" encoding="UTF-8"?>
<testng-results ignored="0" total="1" passed="1" failed="0" skipped="0">
  <reporter-output>
  </reporter-output>
  <suite started-at="2025-03-02T18:06:26 IST" name="Default suite" finished-at="2025-03-02T18:07:16 IST" duration-ms="50487">
    <groups>
    </groups>
    <test started-at="2025-03-02T18:06:26 IST" name="Default test" finished-at="2025-03-02T18:07:16 IST" duration-ms="50487">
      <class name="GenericOptimised.CreateDeleteProductModuleTest">
        <test-method signature="createDeleteProductModuleTest()[pri:0, instance:GenericOptimised.CreateDeleteProductModuleTest@1018bde2]" started-at="2025-03-02T18:06:26 IST" name="createDeleteProductModuleTest" finished-at="2025-03-02T18:07:16 IST" duration-ms="50392" status="PASS">
          <reporter-output>
          </reporter-output>
        </test-method> <!-- createDeleteProductModuleTest -->
      </class> <!-- GenericOptimised.CreateDeleteProductModuleTest -->
    </test> <!-- Default test -->
  </suite> <!-- Default suite -->
</testng-results>
